INFO:root:600537**now:48.98**change:-2.66%**PE:-288.12**PB:24.99**rank:-7200.00**EPS:-0.17**mgjzc:1.96**last:2010-12-31**totalCap:0.00**marketCap:0.00
INFO:root:600890**now:6.49**change:0.93%**PE:-162.25**PB:13.24**rank:-2148.98**EPS:-0.04**mgjzc:0.49**last:2010-12-31**totalCap:0.00**marketCap:0.00
INFO:root:600962**now:17.08**change:2.71%**PE:-71.17**PB:3.56**rank:-253.23**EPS:-0.18**mgjzc:4.80**last:2010-09-30**totalCap:0.00**marketCap:0.00
INFO:root:600312**now:12.38**change:0.00%**PE:-30.95**PB:3.83**rank:-118.63**EPS:-0.10**mgjzc:3.23**last:2011-03-31**totalCap:0.00**marketCap:0.00
INFO:root:600320**now:7.63**change:-0.26%**PE:-47.69**PB:2.19**rank:-104.56**EPS:-0.16**mgjzc:3.48**last:2010-12-31**totalCap:0.00**marketCap:0.00
INFO:root:600019**now:7.32**change:-1.35%**PE:9.89**PB:1.22**rank:12.11**EPS:0.74**mgjzc:5.98**last:2010-12-31**totalCap:0.00**marketCap:0.00
INFO:root:601328**now:6.15**change:1.15%**PE:8.42**PB:1.55**rank:13.08**EPS:0.73**mgjzc:3.96**last:2010-12-31**totalCap:0.00**marketCap:0.00
INFO:root:601988**now:3.46**change:0.58%**PE:8.87**PB:1.50**rank:13.29**EPS:0.39**mgjzc:2.31**last:2010-12-31**totalCap:0.00**marketCap:0.00
INFO:root:600016**now:6.1**change:1.33%**PE:9.24**PB:1.56**rank:14.46**EPS:0.66**mgjzc:3.90**last:2010-12-31**totalCap:0.00**marketCap:0.00
INFO:root:601288**now:2.98**change:0.68%**PE:9.03**PB:1.78**rank:16.11**EPS:0.33**mgjzc:1.67**last:2010-12-31**totalCap:0.00**marketCap:0.00
INFO:root:600000**now:15.08**change:0.80%**PE:9.42**PB:1.76**rank:16.58**EPS:1.60**mgjzc:8.57**last:2010-12-31**totalCap:0.00**marketCap:0.00
INFO:root:601939**now:5.28**change:1.15%**PE:9.43**PB:1.89**rank:17.84**EPS:0.56**mgjzc:2.79**last:2010-12-31**totalCap:0.00**marketCap:0.00
INFO:root:601166**now:31.16**change:1.07%**PE:9.50**PB:2.03**rank:19.28**EPS:3.28**mgjzc:15.35**last:2010-12-31**totalCap:0.00**marketCap:0.00
INFO:root:600383**now:6.8**change:1.34%**PE:11.33**PB:1.72**rank:19.51**EPS:0.60**mgjzc:3.95**last:2010-12-31**totalCap:0.00**marketCap:0.00
INFO:root:601390**now:4.63**change:0.00%**PE:13.23**PB:1.48**rank:19.57**EPS:0.35**mgjzc:3.13**last:2010-12-31**totalCap:0.00**marketCap:0.00
INFO:root:601398**now:4.7**change:1.51%**PE:9.79**PB:2.00**rank:19.58**EPS:0.48**mgjzc:2.35**last:2010-12-31**totalCap:0.00**marketCap:0.00
INFO:root:600028**now:8.89**change:0.79%**PE:10.84**PB:1.83**rank:19.83**EPS:0.82**mgjzc:4.86**last:2010-12-31**totalCap:0.00**marketCap:0.00
INFO:root:601998**now:5.82**change:2.11%**PE:10.58**PB:1.89**rank:20.00**EPS:0.55**mgjzc:3.08**last:2010-12-31**totalCap:0.00**marketCap:0.00
INFO:root:601169**now:12.39**change:0.98%**PE:11.37**PB:1.81**rank:20.62**EPS:1.09**mgjzc:6.83**last:2010-12-31**totalCap:0.00**marketCap:0.00
INFO:root:600325**now:11.81**change:1.99%**PE:12.84**PB:1.68**rank:21.50**EPS:0.92**mgjzc:7.05**last:2010-12-31**totalCap:0.00**marketCap:0.00
INFO:root:600015**now:13.67**change:0.00%**PE:11.39**PB:1.92**rank:21.90**EPS:1.20**mgjzc:7.11**last:2010-12-31**totalCap:0.00**marketCap:0.00
INFO:root:601818**now:4.02**change:0.00%**PE:11.17**PB:2.00**rank:22.33**EPS:0.36**mgjzc:2.01**last:2010-12-31**totalCap:0.00**marketCap:0.00
INFO:root:601009**now:11.5**change:1.59%**PE:11.20**PB:2.00**rank:22.40**EPS:0.77**mgjzc:5.75**last:2010-09-30**totalCap:0.00**marketCap:0.00
INFO:root:600642**now:8.05**change:-0.12%**PE:15.09**PB:1.52**rank:22.93**EPS:0.40**mgjzc:5.30**last:2010-09-30**totalCap:0.00**marketCap:0.00
INFO:root:601668**now:4.11**change:3.27%**PE:14.01**PB:1.66**rank:23.31**EPS:0.22**mgjzc:2.47**last:2010-09-30**totalCap:0.00**marketCap:0.00
INFO:root:601866**now:4.67**change:0.00%**PE:12.97**PB:1.87**rank:24.23**EPS:0.36**mgjzc:2.50**last:2010-12-31**totalCap:0.00**marketCap:0.00
INFO:root:600741**now:11.7**change:-2.01%**PE:12.06**PB:2.08**rank:25.11**EPS:0.97**mgjzc:5.62**last:2010-12-31**totalCap:0.00**marketCap:0.00
INFO:root:600030**now:14.83**change:1.44%**PE:13.01**PB:2.09**rank:27.25**EPS:1.14**mgjzc:7.08**last:2010-12-31**totalCap:0.00**marketCap:0.00
INFO:root:601880**now:4.07**change:0.49%**PE:18.50**PB:1.48**rank:27.38**EPS:0.22**mgjzc:2.75**last:2010-12-31**totalCap:0.00**marketCap:0.00
INFO:root:600048**now:14.15**change:2.31%**PE:13.10**PB:2.18**rank:28.57**EPS:1.08**mgjzc:6.49**last:2010-12-31**totalCap:0.00**marketCap:0.00
INFO:root:600376**now:17.7**change:2.49%**PE:15.13**PB:1.94**rank:29.39**EPS:1.17**mgjzc:9.11**last:2010-12-31**totalCap:0.00**marketCap:0.00
INFO:root:600104**now:18.49**change:-3.19%**PE:11.48**PB:2.58**rank:29.66**EPS:1.61**mgjzc:7.16**last:2010-12-31**totalCap:0.00**marketCap:0.00
INFO:root:600026**now:9.98**change:0.71%**PE:19.96**PB:1.51**rank:30.05**EPS:0.50**mgjzc:6.63**last:2010-12-31**totalCap:0.00**marketCap:0.00
INFO:root:600036**now:15.18**change:-0.85%**PE:12.34**PB:2.44**rank:30.17**EPS:1.23**mgjzc:6.21**last:2010-12-31**totalCap:0.00**marketCap:0.00
INFO:root:600900**now:8.26**change:-0.24%**PE:14.41**PB:2.10**rank:30.20**EPS:0.43**mgjzc:3.94**last:2010-09-30**totalCap:0.00**marketCap:0.00
INFO:root:601618**now:4.47**change:0.22%**PE:15.96**PB:1.90**rank:30.37**EPS:0.28**mgjzc:2.35**last:2010-12-31**totalCap:0.00**marketCap:0.00
INFO:root:600221**now:8.25**change:0.98%**PE:11.15**PB:2.73**rank:30.46**EPS:0.74**mgjzc:3.02**last:2010-12-31**totalCap:0.00**marketCap:0.00
INFO:root:600005**now:4.82**change:-1.23%**PE:22.59**PB:1.36**rank:30.76**EPS:0.16**mgjzc:3.54**last:2010-09-30**totalCap:0.00**marketCap:0.00
INFO:root:600795**now:3.24**change:0.00%**PE:15.43**PB:2.01**rank:31.05**EPS:0.21**mgjzc:1.61**last:2010-12-31**totalCap:0.00**marketCap:0.00
INFO:root:600266**now:15.7**change:6.44%**PE:11.63**PB:2.68**rank:31.16**EPS:1.35**mgjzc:5.86**last:2010-12-31**totalCap:0.00**marketCap:0.00
INFO:root:601186**now:7.03**change:0.00%**PE:20.68**PB:1.51**rank:31.26**EPS:0.34**mgjzc:4.65**last:2010-12-31**totalCap:0.00**marketCap:0.00
INFO:root:600011**now:5.95**change:-0.67%**PE:20.52**PB:1.58**rank:32.47**EPS:0.29**mgjzc:3.76**last:2010-12-31**totalCap:0.00**marketCap:0.00
INFO:root:601111**now:11.06**change:0.00%**PE:10.53**PB:3.09**rank:32.54**EPS:1.05**mgjzc:3.58**last:2010-12-31**totalCap:0.00**marketCap:0.00
INFO:root:601006**now:9.05**change:0.44%**PE:10.61**PB:3.08**rank:32.65**EPS:0.64**mgjzc:2.94**last:2010-09-30**totalCap:0.00**marketCap:0.00
INFO:root:601872**now:4.49**change:0.45%**PE:21.05**PB:1.58**rank:33.16**EPS:0.16**mgjzc:2.85**last:2010-09-30**totalCap:0.00**marketCap:0.00
INFO:root:600006**now:5.34**change:0.95%**PE:18.41**PB:1.81**rank:33.33**EPS:0.29**mgjzc:2.95**last:2010-12-31**totalCap:0.00**marketCap:0.00
INFO:root:600808**now:4.11**change:-0.48%**PE:29.36**PB:1.16**rank:34.08**EPS:0.14**mgjzc:3.54**last:2010-12-31**totalCap:0.00**marketCap:0.00
INFO:root:601018**now:3.47**change:0.87%**PE:17.35**PB:2.02**rank:35.00**EPS:0.15**mgjzc:1.72**last:2010-09-30**totalCap:0.00**marketCap:0.00
INFO:root:601919**now:10.42**change:-0.19%**PE:15.79**PB:2.23**rank:35.23**EPS:0.66**mgjzc:4.67**last:2010-12-31**totalCap:0.00**marketCap:0.00
INFO:root:600270**now:9.97**change:1.32%**PE:20.35**PB:1.75**rank:35.53**EPS:0.49**mgjzc:5.71**last:2010-12-31**totalCap:0.00**marketCap:0.00
INFO:root:600029**now:8.27**change:0.61%**PE:11.81**PB:3.03**rank:35.79**EPS:0.70**mgjzc:2.73**last:2010-12-31**totalCap:0.00**marketCap:0.00
INFO:root:600533**now:5.85**change:3.72%**PE:21.67**PB:1.65**rank:35.81**EPS:0.27**mgjzc:3.54**last:2010-12-31**totalCap:0.00**marketCap:0.00
INFO:root:601857**now:12.02**change:0.00%**PE:15.82**PB:2.34**rank:37.06**EPS:0.76**mgjzc:5.13**last:2010-12-31**totalCap:0.00**marketCap:0.00
INFO:root:600060**now:15.5**change:0.58%**PE:16.15**PB:2.37**rank:38.21**EPS:0.96**mgjzc:6.55**last:2010-12-31**totalCap:0.00**marketCap:0.00
INFO:root:600166**now:23.03**change:0.00%**PE:13.31**PB:3.01**rank:40.13**EPS:1.73**mgjzc:7.64**last:2010-12-31**totalCap:0.00**marketCap:0.00
INFO:root:600449**now:39.27**change:-1.21%**PE:13.64**PB:2.95**rank:40.26**EPS:2.88**mgjzc:13.30**last:2010-12-31**totalCap:0.00**marketCap:0.00
INFO:root:600823**now:14.97**change:-2.35%**PE:19.96**PB:2.13**rank:42.44**EPS:0.75**mgjzc:7.04**last:2010-12-31**totalCap:0.00**marketCap:0.00
INFO:root:600742**now:30.63**change:-2.36%**PE:13.05**PB:3.26**rank:42.58**EPS:1.76**mgjzc:9.39**last:2010-09-30**totalCap:0.00**marketCap:0.00
INFO:root:601898**now:11.16**change:-0.09%**PE:21.46**PB:2.01**rank:43.23**EPS:0.52**mgjzc:5.54**last:2010-12-31**totalCap:0.00**marketCap:0.00
INFO:root:600009**now:14.84**change:-0.47%**PE:21.82**PB:2.04**rank:44.43**EPS:0.68**mgjzc:7.29**last:2010-12-31**totalCap:0.00**marketCap:0.00
INFO:root:600018**now:4.26**change:-0.70%**PE:16.82**PB:2.66**rank:44.77**EPS:0.19**mgjzc:1.60**last:2010-09-30**totalCap:0.00**marketCap:0.00
INFO:root:600657**now:6.8**change:2.87%**PE:25.19**PB:1.80**rank:45.43**EPS:0.27**mgjzc:3.77**last:2010-12-31**totalCap:0.00**marketCap:0.00
INFO:root:600307**now:13.44**change:1.82%**PE:18.67**PB:2.48**rank:46.20**EPS:0.18**mgjzc:5.43**last:2011-03-31**totalCap:0.00**marketCap:0.00
INFO:root:600418**now:13.39**change:2.68%**PE:14.88**PB:3.21**rank:47.77**EPS:0.90**mgjzc:4.17**last:2010-12-31**totalCap:0.00**marketCap:0.00
INFO:root:600886**now:7.85**change:-1.63%**PE:26.76**PB:1.79**rank:47.85**EPS:0.22**mgjzc:4.39**last:2010-09-30**totalCap:0.00**marketCap:0.00
INFO:root:600837**now:10.6**change:1.24%**PE:24.09**PB:2.00**rank:48.18**EPS:0.33**mgjzc:5.30**last:2010-09-30**totalCap:0.00**marketCap:0.00
INFO:root:601000**now:8.0**change:0.76%**PE:21.05**PB:2.29**rank:48.26**EPS:0.38**mgjzc:3.49**last:2010-12-31**totalCap:0.00**marketCap:0.00
INFO:root:600675**now:8.8**change:8.64%**PE:17.60**PB:2.83**rank:49.80**EPS:0.50**mgjzc:3.11**last:2010-12-31**totalCap:0.00**marketCap:0.00
INFO:root:601088**now:30.42**change:-0.69%**PE:16.27**PB:3.07**rank:49.99**EPS:1.87**mgjzc:9.90**last:2010-12-31**totalCap:0.00**marketCap:0.00
INFO:root:600660**now:11.6**change:-0.51%**PE:13.03**PB:3.97**rank:51.78**EPS:0.89**mgjzc:2.92**last:2010-12-31**totalCap:0.00**marketCap:0.00
INFO:root:600177**now:12.26**change:1.49%**PE:24.20**PB:2.22**rank:53.65**EPS:0.38**mgjzc:5.53**last:2010-09-30**totalCap:0.00**marketCap:0.00
INFO:root:600508**now:28.99**change:-1.56%**PE:15.76**PB:3.49**rank:54.96**EPS:1.84**mgjzc:8.31**last:2010-12-31**totalCap:0.00**marketCap:0.00
INFO:root:600303**now:20.98**change:2.69%**PE:19.25**PB:2.90**rank:55.78**EPS:1.09**mgjzc:7.24**last:2010-12-31**totalCap:0.00**marketCap:0.00
INFO:root:601628**now:22.19**change:1.23%**PE:18.65**PB:3.01**rank:56.07**EPS:1.19**mgjzc:7.38**last:2010-12-31**totalCap:0.00**marketCap:0.00
INFO:root:600216**now:36.13**change:-0.47%**PE:14.22**PB:4.22**rank:59.97**EPS:2.54**mgjzc:8.57**last:2010-12-31**totalCap:0.00**marketCap:0.00
INFO:root:600115**now:6.32**change:0.48%**PE:13.17**PB:4.58**rank:60.30**EPS:0.48**mgjzc:1.38**last:2010-12-31**totalCap:0.00**marketCap:0.00
INFO:root:600971**now:42.67**change:0.49%**PE:18.00**PB:3.42**rank:61.51**EPS:2.37**mgjzc:12.49**last:2010-12-31**totalCap:0.00**marketCap:0.00
INFO:root:600123**now:40.51**change:-1.41%**PE:17.61**PB:3.53**rank:62.26**EPS:2.30**mgjzc:11.46**last:2010-12-31**totalCap:0.00**marketCap:0.00
INFO:root:600352**now:12.23**change:3.12%**PE:21.46**PB:2.93**rank:62.78**EPS:0.57**mgjzc:4.18**last:2010-12-31**totalCap:0.00**marketCap:0.00
INFO:root:600551**now:15.58**change:-0.38%**PE:25.54**PB:2.47**rank:62.96**EPS:0.61**mgjzc:6.32**last:2010-12-31**totalCap:0.00**marketCap:0.00
INFO:root:601666**now:20.7**change:-0.38%**PE:17.06**PB:3.76**rank:64.21**EPS:0.91**mgjzc:5.50**last:2010-09-30**totalCap:0.00**marketCap:0.00
INFO:root:600150**now:78.85**change:-1.36%**PE:20.01**PB:3.28**rank:65.56**EPS:3.94**mgjzc:24.07**last:2010-12-31**totalCap:0.00**marketCap:0.00
INFO:root:601601**now:24.89**change:1.55%**PE:24.89**PB:2.66**rank:66.33**EPS:1.00**mgjzc:9.34**last:2010-12-31**totalCap:0.00**marketCap:0.00
INFO:root:600066**now:23.38**change:-2.09%**PE:14.17**PB:4.90**rank:69.45**EPS:1.65**mgjzc:4.77**last:2010-12-31**totalCap:0.00**marketCap:0.00
INFO:root:600631**now:14.92**change:0.00%**PE:26.64**PB:2.65**rank:70.48**EPS:0.56**mgjzc:5.64**last:2010-12-31**totalCap:0.00**marketCap:0.00
INFO:root:600196**now:11.98**change:-0.42%**PE:26.04**PB:2.71**rank:70.59**EPS:0.46**mgjzc:4.42**last:2010-12-31**totalCap:0.00**marketCap:0.00
INFO:root:601788**now:15.86**change:0.00%**PE:29.01**PB:2.46**rank:71.34**EPS:0.41**mgjzc:6.45**last:2010-09-30**totalCap:0.00**marketCap:0.00
INFO:root:600500**now:11.77**change:-0.34%**PE:25.04**PB:2.90**rank:72.60**EPS:0.47**mgjzc:4.06**last:2010-12-31**totalCap:0.00**marketCap:0.00
INFO:root:600581**now:14.87**change:-2.04%**PE:21.55**PB:3.37**rank:72.67**EPS:0.69**mgjzc:4.41**last:2010-12-31**totalCap:0.00**marketCap:0.00
INFO:root:600380**now:11.06**change:-0.63%**PE:19.75**PB:3.80**rank:75.06**EPS:0.56**mgjzc:2.91**last:2010-12-31**totalCap:0.00**marketCap:0.00
INFO:root:600369**now:11.87**change:0.00%**PE:30.44**PB:2.48**rank:75.42**EPS:0.39**mgjzc:4.79**last:2010-12-31**totalCap:0.00**marketCap:0.00
INFO:root:601688**now:14.8**change:1.09%**PE:30.83**PB:2.47**rank:76.18**EPS:0.12**mgjzc:5.99**last:2011-03-31**totalCap:0.00**marketCap:0.00
INFO:root:600720**now:20.75**change:-1.66%**PE:20.15**PB:3.84**rank:77.41**EPS:1.03**mgjzc:5.40**last:2010-12-31**totalCap:0.00**marketCap:0.00
INFO:root:600572**now:21.59**change:-2.40%**PE:16.87**PB:4.59**rank:77.48**EPS:0.32**mgjzc:4.70**last:2011-03-31**totalCap:0.00**marketCap:0.00
INFO:root:600999**now:19.47**change:0.41%**PE:25.62**PB:3.04**rank:77.94**EPS:0.57**mgjzc:6.40**last:2010-09-30**totalCap:0.00**marketCap:0.00
INFO:root:600710**now:11.77**change:0.51%**PE:20.29**PB:3.95**rank:80.15**EPS:0.58**mgjzc:2.98**last:2010-12-31**totalCap:0.00**marketCap:0.00
INFO:root:601003**now:6.19**change:-1.28%**PE:25.79**PB:3.11**rank:80.23**EPS:0.18**mgjzc:1.99**last:2010-09-30**totalCap:0.00**marketCap:0.00
INFO:root:601098**now:11.35**change:0.98%**PE:27.68**PB:2.90**rank:80.36**EPS:0.41**mgjzc:3.91**last:2010-12-31**totalCap:0.00**marketCap:0.00
INFO:root:600089**now:20.06**change:-0.59%**PE:23.33**PB:3.45**rank:80.40**EPS:0.86**mgjzc:5.82**last:2010-12-31**totalCap:0.00**marketCap:0.00
INFO:root:600428**now:8.09**change:-1.22%**PE:33.71**PB:2.39**rank:80.44**EPS:0.18**mgjzc:3.39**last:2010-09-30**totalCap:0.00**marketCap:0.00
INFO:root:601991**now:6.35**change:-0.63%**PE:31.75**PB:2.54**rank:80.64**EPS:0.20**mgjzc:2.50**last:2010-12-31**totalCap:0.00**marketCap:0.00
INFO:root:601007**now:10.75**change:0.94%**PE:28.29**PB:2.91**rank:82.19**EPS:0.38**mgjzc:3.70**last:2010-12-31**totalCap:0.00**marketCap:0.00
INFO:root:600664**now:19.8**change:-0.55%**PE:21.76**PB:3.78**rank:82.22**EPS:0.91**mgjzc:5.24**last:2010-12-31**totalCap:0.00**marketCap:0.00
INFO:root:601179**now:7.46**change:-1.06%**PE:37.30**PB:2.21**rank:82.32**EPS:0.15**mgjzc:3.38**last:2010-09-30**totalCap:0.00**marketCap:0.00
INFO:root:600827**now:17.22**change:-0.46%**PE:27.33**PB:3.02**rank:82.43**EPS:0.63**mgjzc:5.71**last:2010-12-31**totalCap:0.00**marketCap:0.00
INFO:root:601299**now:7.32**change:-1.48%**PE:31.83**PB:2.65**rank:84.41**EPS:0.23**mgjzc:2.76**last:2010-12-31**totalCap:0.00**marketCap:0.00
INFO:root:601318**now:54.18**change:1.90%**PE:23.56**PB:3.70**rank:87.06**EPS:2.30**mgjzc:14.66**last:2010-12-31**totalCap:0.00**marketCap:0.00
INFO:root:601992**now:16.12**change:2.03%**PE:23.03**PB:3.79**rank:87.35**EPS:0.70**mgjzc:4.25**last:2010-12-31**totalCap:0.00**marketCap:0.00
INFO:root:600685**now:30.61**change:-2.08%**PE:21.41**PB:4.14**rank:88.54**EPS:1.43**mgjzc:7.40**last:2010-12-31**totalCap:0.00**marketCap:0.00
INFO:root:600663**now:17.93**change:-0.66%**PE:28.02**PB:3.25**rank:91.17**EPS:0.64**mgjzc:5.51**last:2010-12-31**totalCap:0.00**marketCap:0.00
INFO:root:601918**now:15.41**change:-1.03%**PE:22.66**PB:4.02**rank:91.18**EPS:0.68**mgjzc:3.83**last:2010-12-31**totalCap:0.00**marketCap:0.00
INFO:root:600008**now:6.9**change:0.00%**PE:31.36**PB:2.96**rank:92.88**EPS:0.22**mgjzc:2.33**last:2010-12-31**totalCap:0.00**marketCap:0.00
INFO:root:600585**now:40.15**change:0.00%**PE:22.94**PB:4.05**rank:92.95**EPS:1.75**mgjzc:9.91**last:2010-12-31**totalCap:0.00**marketCap:0.00
INFO:root:601808**now:22.14**change:-2.21%**PE:24.07**PB:3.89**rank:93.64**EPS:0.92**mgjzc:5.69**last:2010-12-31**totalCap:0.00**marketCap:0.00
INFO:root:600674**now:16.2**change:-1.52%**PE:34.71**PB:2.74**rank:95.16**EPS:0.35**mgjzc:5.91**last:2010-09-30**totalCap:0.00**marketCap:0.00
INFO:root:600188**now:36.39**change:-1.65%**PE:19.89**PB:4.87**rank:96.87**EPS:1.83**mgjzc:7.47**last:2010-12-31**totalCap:0.00**marketCap:0.00
INFO:root:600362**now:39.31**change:-0.68%**PE:25.20**PB:3.99**rank:100.56**EPS:1.56**mgjzc:9.85**last:2010-12-31**totalCap:0.00**marketCap:0.00
INFO:root:600690**now:28.35**change:-0.42%**PE:18.65**PB:5.41**rank:100.91**EPS:1.52**mgjzc:5.24**last:2010-12-31**totalCap:0.00**marketCap:0.00
INFO:root:600739**now:33.38**change:1.99%**PE:25.55**PB:4.11**rank:104.89**EPS:0.98**mgjzc:8.13**last:2010-09-30**totalCap:0.00**marketCap:0.00
INFO:root:600236**now:6.37**change:-0.93%**PE:21.97**PB:4.79**rank:105.20**EPS:0.29**mgjzc:1.33**last:2010-12-31**totalCap:0.00**marketCap:0.00
INFO:root:600062**now:25.72**change:-0.77%**PE:28.26**PB:3.80**rank:107.54**EPS:0.91**mgjzc:6.76**last:2010-12-31**totalCap:0.00**marketCap:0.00
INFO:root:600874**now:7.09**change:-0.14%**PE:37.32**PB:2.93**rank:109.33**EPS:0.19**mgjzc:2.42**last:2010-12-31**totalCap:0.00**marketCap:0.00
INFO:root:600748**now:8.92**change:2.41%**PE:29.73**PB:3.73**rank:110.97**EPS:0.30**mgjzc:2.39**last:2010-12-31**totalCap:0.00**marketCap:0.00
INFO:root:600875**now:28.14**change:0.90%**PE:21.81**PB:5.11**rank:111.41**EPS:1.29**mgjzc:5.51**last:2010-12-31**totalCap:0.00**marketCap:0.00
INFO:root:600740**now:12.61**change:-1.33%**PE:21.02**PB:5.48**rank:115.23**EPS:0.15**mgjzc:2.30**last:2011-03-31**totalCap:0.00**marketCap:0.00
INFO:root:601001**now:20.46**change:-0.82%**PE:31.32**PB:3.80**rank:119.10**EPS:0.49**mgjzc:5.38**last:2010-09-30**totalCap:0.00**marketCap:0.00
INFO:root:600789**now:8.64**change:0.70%**PE:39.27**PB:3.05**rank:119.90**EPS:0.22**mgjzc:2.83**last:2010-12-31**totalCap:0.00**marketCap:0.00
INFO:root:600102**now:10.07**change:10.05%**PE:77.46**PB:1.55**rank:120.38**EPS:0.13**mgjzc:6.48**last:2010-12-31**totalCap:0.00**marketCap:0.00
INFO:root:601899**now:7.97**change:0.76%**PE:24.15**PB:5.31**rank:128.33**EPS:0.33**mgjzc:1.50**last:2010-12-31**totalCap:0.00**marketCap:0.00
INFO:root:600997**now:20.51**change:-1.30%**PE:29.30**PB:4.39**rank:128.68**EPS:0.70**mgjzc:4.67**last:2010-12-31**totalCap:0.00**marketCap:0.00
INFO:root:600600**now:32.5**change:-1.54%**PE:28.76**PB:4.57**rank:131.47**EPS:1.13**mgjzc:7.11**last:2010-12-31**totalCap:0.00**marketCap:0.00
INFO:root:600271**now:24.19**change:-1.59%**PE:24.68**PB:5.33**rank:131.52**EPS:0.98**mgjzc:4.54**last:2010-12-31**totalCap:0.00**marketCap:0.00
INFO:root:601727**now:7.95**change:-0.38%**PE:36.14**PB:3.77**rank:136.15**EPS:0.22**mgjzc:2.11**last:2010-12-31**totalCap:0.00**marketCap:0.00
INFO:root:600586**now:16.17**change:0.56%**PE:36.75**PB:3.77**rank:138.52**EPS:0.33**mgjzc:4.29**last:2010-09-30**totalCap:0.00**marketCap:0.00
INFO:root:600829**now:22.24**change:0.86%**PE:25.86**PB:5.40**rank:139.60**EPS:0.86**mgjzc:4.12**last:2010-12-31**totalCap:0.00**marketCap:0.00
INFO:root:601607**now:21.1**change:1.34%**PE:30.58**PB:4.61**rank:140.88**EPS:0.69**mgjzc:4.58**last:2010-12-31**totalCap:0.00**marketCap:0.00
INFO:root:600416**now:30.45**change:0.69%**PE:35.68**PB:3.95**rank:140.93**EPS:0.64**mgjzc:7.71**last:2010-09-30**totalCap:0.00**marketCap:0.00
INFO:root:601699**now:66.44**change:-1.79%**PE:22.22**PB:6.43**rank:142.78**EPS:2.99**mgjzc:10.34**last:2010-12-31**totalCap:0.00**marketCap:0.00
INFO:root:601877**now:21.05**change:0.05%**PE:28.19**PB:5.16**rank:145.45**EPS:0.56**mgjzc:4.08**last:2010-09-30**totalCap:0.00**marketCap:0.00
INFO:root:601801**now:14.13**change:-2.62%**PE:39.25**PB:3.74**rank:146.72**EPS:0.36**mgjzc:3.78**last:2010-12-31**totalCap:0.00**marketCap:0.00
INFO:root:600327**now:11.55**change:-1.87%**PE:26.86**PB:5.47**rank:147.03**EPS:0.43**mgjzc:2.11**last:2010-12-31**totalCap:0.00**marketCap:0.00
INFO:root:600801**now:51.21**change:-1.76%**PE:36.06**PB:4.11**rank:148.34**EPS:1.42**mgjzc:12.45**last:2010-12-31**totalCap:0.00**marketCap:0.00
INFO:root:601766**now:7.31**change:-1.48%**PE:34.81**PB:4.48**rank:156.11**EPS:0.21**mgjzc:1.63**last:2010-12-31**totalCap:0.00**marketCap:0.00
INFO:root:600983**now:13.41**change:0.00%**PE:23.53**PB:6.81**rank:160.15**EPS:0.57**mgjzc:1.97**last:2010-12-31**totalCap:0.00**marketCap:0.00
INFO:root:600498**now:33.4**change:-0.12%**PE:37.39**PB:4.30**rank:160.92**EPS:0.67**mgjzc:7.76**last:2010-09-30**totalCap:0.00**marketCap:0.00
INFO:root:600361**now:10.28**change:-0.87%**PE:59.31**PB:2.76**rank:163.89**EPS:0.13**mgjzc:3.72**last:2010-09-30**totalCap:0.00**marketCap:0.00
INFO:root:600750**now:28.49**change:-2.16%**PE:32.38**PB:5.11**rank:165.59**EPS:0.88**mgjzc:5.57**last:2010-12-31**totalCap:0.00**marketCap:0.00
INFO:root:600460**now:19.82**change:0.00%**PE:31.97**PB:5.19**rank:165.86**EPS:0.62**mgjzc:3.82**last:2010-12-31**totalCap:0.00**marketCap:0.00
INFO:root:600425**now:25.18**change:-2.06%**PE:33.57**PB:4.99**rank:167.40**EPS:0.75**mgjzc:5.05**last:2010-12-31**totalCap:0.00**marketCap:0.00
INFO:root:600993**now:38.81**change:-1.60%**PE:28.54**PB:5.96**rank:170.12**EPS:0.34**mgjzc:6.51**last:2011-03-31**totalCap:0.00**marketCap:0.00
INFO:root:600310**now:32.77**change:0.00%**PE:34.14**PB:5.17**rank:176.44**EPS:0.96**mgjzc:6.34**last:2010-12-31**totalCap:0.00**marketCap:0.00
INFO:root:600195**now:23.44**change:-0.72%**PE:29.30**PB:6.03**rank:176.55**EPS:0.80**mgjzc:3.89**last:2010-12-31**totalCap:0.00**marketCap:0.00
INFO:root:600050**now:5.96**change:1.02%**PE:99.33**PB:1.78**rank:177.25**EPS:0.06**mgjzc:3.34**last:2010-12-31**totalCap:0.00**marketCap:0.00
INFO:root:600238**now:17.0**change:1.80%**PE:25.76**PB:6.91**rank:178.00**EPS:0.66**mgjzc:2.46**last:2010-12-31**totalCap:0.00**marketCap:0.00
INFO:root:600348**now:26.54**change:-0.04%**PE:23.70**PB:7.52**rank:178.16**EPS:0.84**mgjzc:3.53**last:2010-09-30**totalCap:0.00**marketCap:0.00
INFO:root:600884**now:20.83**change:-2.94%**PE:71.83**PB:2.61**rank:187.49**EPS:0.29**mgjzc:7.98**last:2010-12-31**totalCap:0.00**marketCap:0.00
INFO:root:600718**now:13.83**change:-0.29%**PE:45.10**PB:4.17**rank:187.86**EPS:0.23**mgjzc:3.32**last:2010-09-30**totalCap:0.00**marketCap:0.00
INFO:root:600845**now:25.99**change:0.00%**PE:30.22**PB:6.22**rank:187.90**EPS:0.86**mgjzc:4.18**last:2010-12-31**totalCap:0.00**marketCap:0.00
INFO:root:600329**now:13.58**change:0.37%**PE:33.95**PB:5.59**rank:189.73**EPS:0.40**mgjzc:2.43**last:2010-12-31**totalCap:0.00**marketCap:0.00
INFO:root:600081**now:12.89**change:-0.54%**PE:24.79**PB:7.72**rank:191.33**EPS:0.52**mgjzc:1.67**last:2010-12-31**totalCap:0.00**marketCap:0.00
INFO:root:600518**now:14.08**change:-0.07%**PE:37.71**PB:5.10**rank:192.40**EPS:0.28**mgjzc:2.76**last:2010-09-30**totalCap:0.00**marketCap:0.00
INFO:root:600100**now:27.59**change:-1.11%**PE:56.31**PB:3.43**rank:193.22**EPS:0.49**mgjzc:8.04**last:2010-12-31**totalCap:0.00**marketCap:0.00
INFO:root:600737**now:11.73**change:-2.17%**PE:51.75**PB:3.76**rank:194.56**EPS:0.17**mgjzc:3.12**last:2010-09-30**totalCap:0.00**marketCap:0.00
INFO:root:600825**now:8.4**change:-0.36%**PE:48.46**PB:4.02**rank:194.77**EPS:0.13**mgjzc:2.09**last:2010-09-30**totalCap:0.00**marketCap:0.00
INFO:root:600557**now:15.78**change:-0.82%**PE:36.70**PB:5.42**rank:199.00**EPS:0.43**mgjzc:2.91**last:2010-12-31**totalCap:0.00**marketCap:0.00
WARNING:root:600880**now:16.59**change:0.48%**PE:31.90**PB:6.31**rank:201.25**EPS:0.52**mgjzc:2.63**last:2010-12-31**totalCap:0.00**marketCap:0.00
WARNING:root:600309**now:26.32**change:0.00%**PE:28.61**PB:7.11**rank:203.51**EPS:0.92**mgjzc:3.70**last:2010-12-31**totalCap:0.00**marketCap:0.00
WARNING:root:600859**now:40.64**change:0.82%**PE:42.78**PB:4.83**rank:206.48**EPS:0.95**mgjzc:8.42**last:2010-12-31**totalCap:0.00**marketCap:0.00
WARNING:root:600410**now:16.61**change:-0.36%**PE:40.51**PB:5.11**rank:207.05**EPS:0.41**mgjzc:3.25**last:2010-12-31**totalCap:0.00**marketCap:0.00
WARNING:root:600582**now:23.98**change:-0.50%**PE:28.55**PB:7.33**rank:209.35**EPS:0.84**mgjzc:3.27**last:2010-12-31**totalCap:0.00**marketCap:0.00
WARNING:root:600517**now:15.55**change:-0.26%**PE:29.90**PB:7.33**rank:219.34**EPS:0.52**mgjzc:2.12**last:2010-12-31**totalCap:0.00**marketCap:0.00
WARNING:root:601999**now:10.34**change:0.19%**PE:59.65**PB:3.73**rank:222.68**EPS:0.13**mgjzc:2.77**last:2010-09-30**totalCap:0.00**marketCap:0.00
WARNING:root:600351**now:9.05**change:0.22%**PE:39.35**PB:5.80**rank:228.27**EPS:0.23**mgjzc:1.56**last:2010-12-31**totalCap:0.00**marketCap:0.00
WARNING:root:600479**now:15.27**change:0.33%**PE:44.05**PB:5.19**rank:228.78**EPS:0.26**mgjzc:2.94**last:2010-09-30**totalCap:0.00**marketCap:0.00
WARNING:root:600056**now:26.0**change:0.12%**PE:41.27**PB:5.56**rank:229.28**EPS:0.63**mgjzc:4.68**last:2010-12-31**totalCap:0.00**marketCap:0.00
WARNING:root:600550**now:22.28**change:2.20%**PE:42.04**PB:5.54**rank:232.99**EPS:0.53**mgjzc:4.02**last:2010-12-31**totalCap:0.00**marketCap:0.00
WARNING:root:601989**now:13.62**change:-1.38%**PE:56.75**PB:4.11**rank:233.52**EPS:0.18**mgjzc:3.31**last:2010-09-30**totalCap:0.00**marketCap:0.00
WARNING:root:600059**now:12.47**change:-0.08%**PE:62.35**PB:3.80**rank:237.04**EPS:0.20**mgjzc:3.28**last:2010-12-31**totalCap:0.00**marketCap:0.00
WARNING:root:600879**now:13.47**change:-0.44%**PE:67.35**PB:3.54**rank:238.74**EPS:0.20**mgjzc:3.80**last:2010-12-31**totalCap:0.00**marketCap:0.00
WARNING:root:600970**now:44.34**change:-1.47%**PE:23.59**PB:10.12**rank:238.76**EPS:1.88**mgjzc:4.38**last:2010-12-31**totalCap:0.00**marketCap:0.00
WARNING:root:600299**now:13.94**change:2.12%**PE:99.57**PB:2.54**rank:252.83**EPS:0.14**mgjzc:5.49**last:2010-12-31**totalCap:0.00**marketCap:0.00
WARNING:root:601377**now:19.44**change:1.89%**PE:49.85**PB:5.09**rank:253.67**EPS:0.39**mgjzc:3.82**last:2010-12-31**totalCap:0.00**marketCap:0.00
WARNING:root:600597**now:10.38**change:-1.05%**PE:54.63**PB:4.68**rank:255.44**EPS:0.19**mgjzc:2.22**last:2010-12-31**totalCap:0.00**marketCap:0.00
WARNING:root:600535**now:38.92**change:0.03%**PE:42.30**PB:6.08**rank:257.26**EPS:0.92**mgjzc:6.40**last:2010-12-31**totalCap:0.00**marketCap:0.00
WARNING:root:600511**now:21.5**change:-1.29%**PE:33.08**PB:7.90**rank:261.45**EPS:0.65**mgjzc:2.72**last:2010-12-31**totalCap:0.00**marketCap:0.00
WARNING:root:600332**now:19.49**change:-2.74%**PE:59.06**PB:4.47**rank:264.01**EPS:0.33**mgjzc:4.36**last:2010-12-31**totalCap:0.00**marketCap:0.00
WARNING:root:600268**now:26.45**change:0.11%**PE:56.28**PB:4.70**rank:264.39**EPS:0.47**mgjzc:5.63**last:2010-12-31**totalCap:0.00**marketCap:0.00
WARNING:root:600458**now:50.81**change:-2.48%**PE:35.28**PB:7.68**rank:270.82**EPS:0.36**mgjzc:6.62**last:2011-03-31**totalCap:0.00**marketCap:0.00
WARNING:root:600298**now:35.75**change:-0.61%**PE:36.48**PB:7.56**rank:275.72**EPS:0.98**mgjzc:4.73**last:2010-12-31**totalCap:0.00**marketCap:0.00
WARNING:root:600523**now:22.3**change:-2.19%**PE:63.71**PB:4.34**rank:276.43**EPS:0.35**mgjzc:5.14**last:2010-12-31**totalCap:0.00**marketCap:0.00
WARNING:root:600037**now:12.88**change:1.18%**PE:107.33**PB:2.60**rank:278.72**EPS:0.03**mgjzc:4.96**last:2011-03-31**totalCap:0.00**marketCap:0.00
WARNING:root:600887**now:36.06**change:0.47%**PE:39.20**PB:7.23**rank:283.25**EPS:0.69**mgjzc:4.99**last:2010-09-30**totalCap:0.00**marketCap:0.00
WARNING:root:600519**now:172.38**change:-1.91%**PE:32.22**PB:8.84**rank:284.98**EPS:5.35**mgjzc:19.49**last:2010-12-31**totalCap:0.00**marketCap:0.00
WARNING:root:600415**now:31.23**change:-2.04%**PE:47.80**PB:6.05**rank:289.31**EPS:0.49**mgjzc:5.16**last:2010-09-30**totalCap:0.00**marketCap:0.00
WARNING:root:600420**now:16.75**change:0.48%**PE:44.08**PB:6.67**rank:294.15**EPS:0.38**mgjzc:2.51**last:2010-12-31**totalCap:0.00**marketCap:0.00
WARNING:root:600267**now:35.59**change:-0.75%**PE:46.83**PB:6.38**rank:298.68**EPS:0.76**mgjzc:5.58**last:2010-12-31**totalCap:0.00**marketCap:0.00
WARNING:root:600406**now:34.89**change:0.90%**PE:37.52**PB:8.15**rank:305.83**EPS:0.93**mgjzc:4.28**last:2010-12-31**totalCap:0.00**marketCap:0.00
WARNING:root:601888**now:27.86**change:-0.07%**PE:50.96**PB:6.03**rank:307.32**EPS:0.41**mgjzc:4.62**last:2010-09-30**totalCap:0.00**marketCap:0.00
WARNING:root:600587**now:26.88**change:-3.10%**PE:59.73**PB:5.18**rank:309.37**EPS:0.45**mgjzc:5.19**last:2010-12-31**totalCap:0.00**marketCap:0.00
WARNING:root:600143**now:17.65**change:-0.40%**PE:43.05**PB:7.20**rank:310.13**EPS:0.41**mgjzc:2.45**last:2010-12-31**totalCap:0.00**marketCap:0.00
WARNING:root:600391**now:22.88**change:-3.26%**PE:63.56**PB:4.94**rank:314.07**EPS:0.36**mgjzc:4.63**last:2010-12-31**totalCap:0.00**marketCap:0.00
WARNING:root:600031**now:28.11**change:-0.99%**PE:25.32**PB:12.55**rank:317.80**EPS:1.11**mgjzc:2.24**last:2010-12-31**totalCap:0.00**marketCap:0.00
WARNING:root:601558**now:73.88**change:0.50%**PE:23.31**PB:13.86**rank:323.05**EPS:3.17**mgjzc:5.33**last:2010-12-31**totalCap:0.00**marketCap:0.00
WARNING:root:600588**now:20.29**change:-1.74%**PE:49.49**PB:6.55**rank:323.91**EPS:0.41**mgjzc:3.10**last:2010-12-31**totalCap:0.00**marketCap:0.00
WARNING:root:600022**now:4.79**change:10.11%**PE:159.67**PB:2.08**rank:332.52**EPS:0.03**mgjzc:2.30**last:2010-12-31**totalCap:0.00**marketCap:0.00
WARNING:root:600085**now:37.2**change:-0.59%**PE:56.36**PB:5.95**rank:335.48**EPS:0.66**mgjzc:6.25**last:2010-12-31**totalCap:0.00**marketCap:0.00
WARNING:root:600797**now:7.33**change:-0.68%**PE:91.62**PB:3.67**rank:335.81**EPS:0.06**mgjzc:2.00**last:2010-09-30**totalCap:0.00**marketCap:0.00
WARNING:root:600703**now:42.41**change:-1.60%**PE:58.90**PB:5.73**rank:337.58**EPS:0.72**mgjzc:7.40**last:2010-12-31**totalCap:0.00**marketCap:0.00
WARNING:root:601933**now:28.0**change:0.76%**PE:60.87**PB:5.63**rank:342.93**EPS:0.46**mgjzc:4.97**last:2010-12-31**totalCap:0.00**marketCap:0.00
WARNING:root:600446**now:14.9**change:2.34%**PE:74.50**PB:4.61**rank:343.67**EPS:0.15**mgjzc:3.23**last:2010-09-30**totalCap:0.00**marketCap:0.00
WARNING:root:600531**now:33.93**change:-1.85%**PE:61.69**PB:5.61**rank:345.98**EPS:0.55**mgjzc:6.05**last:2010-12-31**totalCap:0.00**marketCap:0.00
WARNING:root:600831**now:11.69**change:3.45%**PE:67.44**PB:5.22**rank:351.96**EPS:0.13**mgjzc:2.24**last:2010-09-30**totalCap:0.00**marketCap:0.00
WARNING:root:600436**now:60.87**change:-1.92%**PE:43.79**PB:8.12**rank:355.41**EPS:1.39**mgjzc:7.50**last:2010-12-31**totalCap:0.00**marketCap:0.00
WARNING:root:600694**now:40.56**change:-0.22%**PE:98.93**PB:3.65**rank:360.83**EPS:0.41**mgjzc:11.12**last:2010-12-31**totalCap:0.00**marketCap:0.00
WARNING:root:600595**now:13.08**change:-2.10%**PE:68.84**PB:5.45**rank:375.19**EPS:0.19**mgjzc:2.40**last:2010-12-31**totalCap:0.00**marketCap:0.00
WARNING:root:600151**now:13.48**change:-2.53%**PE:77.77**PB:4.85**rank:377.10**EPS:0.13**mgjzc:2.78**last:2010-09-30**totalCap:0.00**marketCap:0.00
WARNING:root:600833**now:13.97**change:-0.21%**PE:73.53**PB:5.19**rank:381.84**EPS:0.19**mgjzc:2.69**last:2010-12-31**totalCap:0.00**marketCap:0.00
WARNING:root:601116**now:16.25**change:-0.25%**PE:43.92**PB:9.34**rank:410.16**EPS:0.37**mgjzc:1.74**last:2010-12-31**totalCap:0.00**marketCap:0.00
WARNING:root:600893**now:33.17**change:-3.35%**PE:87.29**PB:4.76**rank:415.41**EPS:0.38**mgjzc:6.97**last:2010-12-31**totalCap:0.00**marketCap:0.00
WARNING:root:600290**now:24.56**change:0.70%**PE:57.12**PB:7.58**rank:432.96**EPS:0.43**mgjzc:3.24**last:2010-12-31**totalCap:0.00**marketCap:0.00
WARNING:root:600058**now:35.93**change:-0.06%**PE:99.81**PB:4.38**rank:437.32**EPS:0.36**mgjzc:8.20**last:2010-12-31**totalCap:0.00**marketCap:0.00
WARNING:root:600713**now:13.39**change:2.14%**PE:100.43**PB:4.51**rank:452.76**EPS:0.10**mgjzc:2.97**last:2010-09-30**totalCap:0.00**marketCap:0.00
WARNING:root:600038**now:26.42**change:-0.97%**PE:75.49**PB:6.23**rank:470.36**EPS:0.35**mgjzc:4.24**last:2010-12-31**totalCap:0.00**marketCap:0.00
WARNING:root:600055**now:15.67**change:-1.01%**PE:82.47**PB:5.85**rank:482.22**EPS:0.19**mgjzc:2.68**last:2010-12-31**totalCap:0.00**marketCap:0.00
WARNING:root:600571**now:13.13**change:-1.72%**PE:72.94**PB:6.70**rank:488.65**EPS:0.18**mgjzc:1.96**last:2010-12-31**totalCap:0.00**marketCap:0.00
WARNING:root:600489**now:37.1**change:0.00%**PE:46.96**PB:10.69**rank:502.10**EPS:0.79**mgjzc:3.47**last:2010-12-31**totalCap:0.00**marketCap:0.00
WARNING:root:600276**now:47.26**change:0.40%**PE:48.72**PB:10.46**rank:509.42**EPS:0.97**mgjzc:4.52**last:2010-12-31**totalCap:0.00**marketCap:0.00
WARNING:root:600495**now:18.21**change:-1.51%**PE:130.07**PB:3.96**rank:514.91**EPS:0.14**mgjzc:4.60**last:2010-12-31**totalCap:0.00**marketCap:0.00
WARNING:root:600429**now:7.94**change:1.15%**PE:132.33**PB:4.03**rank:533.36**EPS:0.06**mgjzc:1.97**last:2010-12-31**totalCap:0.00**marketCap:0.00
WARNING:root:600088**now:15.48**change:2.79%**PE:105.55**PB:5.41**rank:571.27**EPS:0.11**mgjzc:2.86**last:2010-09-30**totalCap:0.00**marketCap:0.00
WARNING:root:600371**now:14.46**change:-1.30%**PE:77.46**PB:7.49**rank:580.38**EPS:0.14**mgjzc:1.93**last:2010-09-30**totalCap:0.00**marketCap:0.00
WARNING:root:600779**now:22.67**change:-2.03%**PE:70.84**PB:8.21**rank:581.89**EPS:0.24**mgjzc:2.76**last:2010-09-30**totalCap:0.00**marketCap:0.00
WARNING:root:600315**now:37.13**change:0.00%**PE:57.12**PB:10.49**rank:599.15**EPS:0.65**mgjzc:3.54**last:2010-12-31**totalCap:0.00**marketCap:0.00
WARNING:root:601600**now:11.83**change:-0.76%**PE:197.17**PB:3.10**rank:610.60**EPS:0.06**mgjzc:3.82**last:2010-12-31**totalCap:0.00**marketCap:0.00
WARNING:root:600161**now:20.63**change:-0.96%**PE:60.68**PB:10.06**rank:610.61**EPS:0.34**mgjzc:2.05**last:2010-12-31**totalCap:0.00**marketCap:0.00
WARNING:root:601002**now:21.4**change:-3.99%**PE:69.03**PB:8.88**rank:612.98**EPS:0.31**mgjzc:2.41**last:2010-12-31**totalCap:0.00**marketCap:0.00
WARNING:root:600118**now:22.44**change:-1.01%**PE:74.80**PB:8.73**rank:653.12**EPS:0.30**mgjzc:2.57**last:2010-12-31**totalCap:0.00**marketCap:0.00
WARNING:root:600644**now:17.09**change:4.59%**PE:89.95**PB:7.73**rank:695.57**EPS:0.19**mgjzc:2.21**last:2010-12-31**totalCap:0.00**marketCap:0.00
WARNING:root:600763**now:18.66**change:-0.59%**PE:60.19**PB:11.66**rank:702.01**EPS:0.31**mgjzc:1.60**last:2010-12-31**totalCap:0.00**marketCap:0.00
WARNING:root:600199**now:17.81**change:-0.95%**PE:60.72**PB:12.03**rank:730.64**EPS:0.22**mgjzc:1.48**last:2010-09-30**totalCap:0.00**marketCap:0.00
WARNING:root:600497**now:38.73**change:1.41%**PE:84.20**PB:8.88**rank:747.91**EPS:0.46**mgjzc:4.36**last:2010-12-31**totalCap:0.00**marketCap:0.00
WARNING:root:600316**now:34.53**change:4.48%**PE:150.13**PB:5.25**rank:787.84**EPS:0.23**mgjzc:6.58**last:2010-12-31**totalCap:0.00**marketCap:0.00
WARNING:root:600998**now:13.97**change:-0.78%**PE:77.61**PB:10.20**rank:791.41**EPS:0.09**mgjzc:1.37**last:2010-06-30**totalCap:0.00**marketCap:0.00
WARNING:root:600812**now:13.51**change:-2.03%**PE:58.74**PB:13.65**rank:801.58**EPS:0.23**mgjzc:0.99**last:2010-12-31**totalCap:0.00**marketCap:0.00
WARNING:root:600809**now:64.23**change:-2.58%**PE:56.34**PB:14.43**rank:813.23**EPS:1.14**mgjzc:4.45**last:2010-12-31**totalCap:0.00**marketCap:0.00
WARNING:root:600390**now:23.26**change:-1.48%**PE:136.82**PB:5.95**rank:813.94**EPS:0.17**mgjzc:3.91**last:2010-12-31**totalCap:0.00**marketCap:0.00
WARNING:root:600184**now:42.16**change:1.66%**PE:100.38**PB:9.45**rank:948.89**EPS:0.42**mgjzc:4.46**last:2010-12-31**totalCap:0.00**marketCap:0.00
WARNING:root:600482**now:16.29**change:-2.57%**PE:148.09**PB:6.73**rank:996.86**EPS:0.11**mgjzc:2.42**last:2010-12-31**totalCap:0.00**marketCap:0.00
WARNING:root:600816**now:13.6**change:0.00%**PE:56.67**PB:19.71**rank:1116.91**EPS:0.18**mgjzc:0.69**last:2010-09-30**totalCap:0.00**marketCap:0.00
WARNING:root:600549**now:48.05**change:0.00%**PE:94.22**PB:12.81**rank:1207.22**EPS:0.51**mgjzc:3.75**last:2010-12-31**totalCap:0.00**marketCap:0.00
WARNING:root:600292**now:16.48**change:-1.61%**PE:206.00**PB:5.95**rank:1225.59**EPS:0.08**mgjzc:2.77**last:2010-12-31**totalCap:0.00**marketCap:0.00
WARNING:root:600547**now:53.87**change:1.93%**PE:62.64**PB:19.73**rank:1236.04**EPS:0.86**mgjzc:2.73**last:2010-12-31**totalCap:0.00**marketCap:0.00
WARNING:root:601519**now:22.43**change:0.76%**PE:80.11**PB:15.91**rank:1274.33**EPS:0.28**mgjzc:1.41**last:2010-12-31**totalCap:0.00**marketCap:0.00
WARNING:root:600583**now:8.11**change:-2.05%**PE:405.50**PB:3.50**rank:1417.50**EPS:0.02**mgjzc:2.32**last:2010-12-31**totalCap:0.00**marketCap:0.00
WARNING:root:600198**now:16.51**change:-0.48%**PE:110.07**PB:13.64**rank:1501.82**EPS:0.15**mgjzc:1.21**last:2010-12-31**totalCap:0.00**marketCap:0.00
WARNING:root:600072**now:25.78**change:-3.81%**PE:234.36**PB:7.34**rank:1721.34**EPS:0.11**mgjzc:3.51**last:2010-12-31**totalCap:0.00**marketCap:0.00
WARNING:root:600095**now:11.1**change:1.56%**PE:277.50**PB:6.49**rank:1801.32**EPS:0.04**mgjzc:1.71**last:2010-12-31**totalCap:0.00**marketCap:0.00
WARNING:root:600132**now:66.9**change:0.00%**PE:89.20**PB:22.76**rank:2029.76**EPS:0.75**mgjzc:2.94**last:2010-12-31**totalCap:0.00**marketCap:0.00
WARNING:root:600478**now:25.66**change:0.51%**PE:274.93**PB:7.68**rank:2112.18**EPS:0.07**mgjzc:3.34**last:2010-09-30**totalCap:0.00**marketCap:0.00
WARNING:root:600111**now:89.12**change:1.43%**PE:95.83**PB:29.81**rank:2856.25**EPS:0.93**mgjzc:2.99**last:2010-12-31**totalCap:0.00**marketCap:0.00
WARNING:root:600961**now:21.23**change:0.00%**PE:707.67**PB:5.19**rank:3673.29**EPS:0.03**mgjzc:4.09**last:2010-12-31**totalCap:0.00**marketCap:0.00
WARNING:root:600372**now:44.47**change:0.54%**PE:158.82**PB:26.01**rank:4130.29**EPS:0.28**mgjzc:1.71**last:2010-12-31**totalCap:0.00**marketCap:0.00
WARNING:root:600073**now:12.33**change:1.90%**PE:1233.00**PB:5.79**rank:7137.51**EPS:0.01**mgjzc:2.13**last:2010-12-31**totalCap:0.00**marketCap:0.00
WARNING:root:600259**now:74.77**change:0.27%**PE:623.08**PB:66.17**rank:41228.27**EPS:0.09**mgjzc:1.13**last:2010-09-30**totalCap:0.00**marketCap:0.00
